mode: set
grupo35-video-worker/internal/adapters/get_video_path_structure.go:20.92,38.2 13 0
grupo35-video-worker/internal/adapters/video_to_process.go:15.86,20.16 3 0
grupo35-video-worker/internal/adapters/video_to_process.go:20.16,22.3 1 0
grupo35-video-worker/internal/adapters/video_to_process.go:24.2,24.31 1 0
grupo35-video-worker/internal/adapters/get_video_path_structure.go:20.92,38.2 13 1
grupo35-video-worker/internal/adapters/video_to_process.go:15.86,20.16 3 0
grupo35-video-worker/internal/adapters/video_to_process.go:20.16,22.3 1 0
grupo35-video-worker/internal/adapters/video_to_process.go:24.2,24.31 1 0
grupo35-video-worker/internal/controllers/notify_video_status.go:16.120,21.2 1 1
grupo35-video-worker/internal/controllers/notify_video_status.go:23.71,30.14 2 1
grupo35-video-worker/internal/controllers/notify_video_status.go:30.14,33.3 2 1
grupo35-video-worker/internal/controllers/notify_video_status.go:35.2,38.48 3 1
grupo35-video-worker/internal/controllers/process_video.go:21.16,27.2 1 0
grupo35-video-worker/internal/controllers/process_video.go:29.44,35.16 4 1
grupo35-video-worker/internal/controllers/process_video.go:35.16,37.3 1 1
grupo35-video-worker/internal/controllers/process_video.go:39.2,41.16 2 1
grupo35-video-worker/internal/controllers/process_video.go:41.16,43.3 1 0
grupo35-video-worker/internal/controllers/process_video.go:45.2,47.16 2 1
grupo35-video-worker/internal/controllers/process_video.go:47.16,49.3 1 0
grupo35-video-worker/internal/controllers/process_video.go:51.2,53.16 2 1
grupo35-video-worker/internal/controllers/process_video.go:53.16,55.3 1 1
grupo35-video-worker/internal/controllers/process_video.go:57.2,57.12 1 1
grupo35-video-worker/internal/handlers/process_videos.go:24.80,26.2 1 0
grupo35-video-worker/internal/handlers/process_videos.go:28.46,29.6 1 0
grupo35-video-worker/internal/handlers/process_videos.go:29.6,30.53 1 0
grupo35-video-worker/internal/handlers/process_videos.go:30.53,33.18 2 0
grupo35-video-worker/internal/handlers/process_videos.go:33.18,36.5 2 0
grupo35-video-worker/internal/handlers/process_videos.go:38.4,50.18 6 0
grupo35-video-worker/internal/handlers/process_videos.go:50.18,52.5 1 0
grupo35-video-worker/internal/usecases/process_video.go:19.98,24.2 1 0
grupo35-video-worker/internal/usecases/process_video.go:26.135,32.2 4 1
grupo35-video-worker/internal/usecases/process_video.go:34.125,39.2 3 1
grupo35-video-worker/internal/usecases/transfer_video.go:18.54,22.2 1 1
grupo35-video-worker/internal/usecases/transfer_video.go:24.113,32.16 5 1
grupo35-video-worker/internal/usecases/transfer_video.go:32.16,34.3 1 1
grupo35-video-worker/internal/usecases/transfer_video.go:36.2,36.8 1 1
grupo35-video-worker/internal/usecases/transfer_video.go:39.73,44.16 4 1
grupo35-video-worker/internal/usecases/transfer_video.go:44.16,46.3 1 1
grupo35-video-worker/internal/usecases/transfer_video.go:48.2,48.8 1 1
grupo35-video-worker/internal/usecases/video_status_notifier.go:18.70,22.2 1 1
grupo35-video-worker/internal/usecases/video_status_notifier.go:24.78,27.2 2 1
grupo35-video-worker/internal/gateways/s3.go:19.60,24.2 1 1
grupo35-video-worker/internal/gateways/s3.go:26.47,28.2 1 1
grupo35-video-worker/internal/gateways/s3.go:30.69,31.25 1 1
grupo35-video-worker/internal/gateways/s3.go:31.25,33.3 1 1
grupo35-video-worker/internal/gateways/s3.go:35.2,37.16 2 1
grupo35-video-worker/internal/gateways/s3.go:37.16,39.3 1 0
grupo35-video-worker/internal/gateways/s3.go:41.2,48.12 3 1
grupo35-video-worker/internal/gateways/s3.go:51.60,52.25 1 1
grupo35-video-worker/internal/gateways/s3.go:52.25,54.3 1 1
grupo35-video-worker/internal/gateways/s3.go:56.2,58.16 2 1
grupo35-video-worker/internal/gateways/s3.go:58.16,60.3 1 0
grupo35-video-worker/internal/gateways/s3.go:62.2,70.12 3 1
grupo35-video-worker/internal/gateways/sns.go:18.73,23.2 1 1
grupo35-video-worker/internal/gateways/sns.go:25.53,28.16 2 1
grupo35-video-worker/internal/gateways/sns.go:28.16,30.3 1 1
grupo35-video-worker/internal/gateways/sns.go:32.2,37.12 2 1
grupo35-video-worker/internal/gateways/sqs.go:20.109,26.2 1 1
grupo35-video-worker/internal/gateways/sqs.go:28.81,34.16 2 1
grupo35-video-worker/internal/gateways/sqs.go:34.16,36.3 1 1
grupo35-video-worker/internal/gateways/sqs.go:38.2,40.42 2 1
grupo35-video-worker/internal/gateways/sqs.go:40.42,48.17 3 1
grupo35-video-worker/internal/gateways/sqs.go:48.17,50.4 1 1
grupo35-video-worker/internal/gateways/sqs.go:53.2,53.12 1 1
grupo35-video-worker/internal/gateways/video.go:17.49,21.2 1 1
grupo35-video-worker/internal/gateways/video.go:23.73,26.2 2 1
grupo35-video-worker/internal/gateways/video.go:28.93,29.51 1 1
grupo35-video-worker/internal/gateways/video.go:29.51,31.3 1 1
grupo35-video-worker/internal/gateways/video.go:33.2,36.54 3 1
grupo35-video-worker/internal/gateways/video.go:36.54,40.3 3 1
grupo35-video-worker/internal/gateways/video.go:42.2,42.25 1 1
grupo35-video-worker/internal/gateways/zip.go:15.54,19.2 1 1
grupo35-video-worker/internal/gateways/zip.go:21.64,24.16 2 1
grupo35-video-worker/internal/gateways/zip.go:24.16,27.3 2 1
grupo35-video-worker/internal/gateways/zip.go:29.2,31.12 2 1
grupo35-video-worker/internal/gateways/zip.go:34.95,37.16 2 1
grupo35-video-worker/internal/gateways/zip.go:37.16,39.3 1 1
grupo35-video-worker/internal/gateways/zip.go:41.2,47.33 5 1
grupo35-video-worker/internal/gateways/zip.go:47.33,50.17 2 1
grupo35-video-worker/internal/gateways/zip.go:50.17,53.4 2 0
grupo35-video-worker/internal/gateways/zip.go:54.3,58.17 4 1
grupo35-video-worker/internal/gateways/zip.go:58.17,61.4 2 0
grupo35-video-worker/internal/gateways/zip.go:63.3,63.30 1 1
grupo35-video-worker/internal/gateways/zip.go:66.2,66.12 1 1
